<?xml version="1.0" encoding="UTF-8" ?>
<testsuite tests="28" failures="0" name="nl.sogyo.mancala.BowlTest" time="0.022" errors="0" skipped="0">
  <properties>
[...]
</properties>
  <testcase classname="nl.sogyo.mancala.BowlTest" name="testGameOverWithOpponentBowlsEmpty" time="0.007"/>
  <testcase classname="nl.sogyo.mancala.BowlTest" name="testGameWonByPlayer1" time="0.004"/>
  <testcase classname="nl.sogyo.mancala.BowlTest" name="testGameWonByPlayer2" time="0"/>
  <testcase classname="nl.sogyo.mancala.BowlTest" name="testPutLastSeedInOwnKalaha" time="0.001"/>
  <testcase classname="nl.sogyo.mancala.BowlTest" name="testGameOverWithOwnBowlsEmpty" time="0.005"/>
  <testcase classname="nl.sogyo.mancala.BowlTest" name="testGettingNeighbourAcrossFromOtherSide" time="0"/>
  <testcase classname="nl.sogyo.mancala.BowlTest" name="testCannotStealFromSelf" time="0"/>
  <testcase classname="nl.sogyo.mancala.BowlTest" name="testGameIsDraw" time="0"/>
  <testcase classname="nl.sogyo.mancala.BowlTest" name="testDoFirstTurnOnRightBowl" time="0.001"/>
  <testcase classname="nl.sogyo.mancala.BowlTest" name="testStealingFromTurn" time="0"/>
  <testcase classname="nl.sogyo.mancala.BowlTest" name="testEndGameByPlayer2WithPlayer1BowlsEmpty" time="0"/>
  <testcase classname="nl.sogyo.mancala.BowlTest" name="testEndGameByPlayer1" time="0"/>
  <testcase classname="nl.sogyo.mancala.BowlTest" name="testEndGameByPlayer2" time="0.001"/>
  <testcase classname="nl.sogyo.mancala.BowlTest" name="testEndGameByPlayer1WithPlayer2BowlsEmpty" time="0"/>
  <testcase classname="nl.sogyo.mancala.BowlTest" name="testMoveSeedsFromEmptyBowl" time="0"/>
  <testcase classname="nl.sogyo.mancala.BowlTest" name="testDoFirstTurnOnWrongBowl" time="0.001"/>
  <testcase classname="nl.sogyo.mancala.BowlTest" name="testCanStealFromEmptyNeighbourAcross" time="0"/>
  <testcase classname="nl.sogyo.mancala.BowlTest" name="testDistributeSeedsOverOwnKalaha" time="0.001"/>
  <testcase classname="nl.sogyo.mancala.BowlTest" name="testDistributeSeedsOverOpponentKalaha" time="0"/>
  <testcase classname="nl.sogyo.mancala.BowlTest" name="testCanStealFromFullNeighbourAcross" time="0"/>
  <testcase classname="nl.sogyo.mancala.BowlTest" name="testGameOverWithOwnBowlsFull" time="0"/>
  <testcase classname="nl.sogyo.mancala.BowlTest" name="testCreateNewBowl" time="0"/>
  <testcase classname="nl.sogyo.mancala.BowlTest" name="testMoveSeeds" time="0"/>
  <testcase classname="nl.sogyo.mancala.BowlTest" name="testCreateNewKalaha" time="0"/>
  <testcase classname="nl.sogyo.mancala.BowlTest" name="testGetNeighbours" time="0.001"/>
  <testcase classname="nl.sogyo.mancala.BowlTest" name="testStealingFromFullNeighbourAcross" time="0"/>
  <testcase classname="nl.sogyo.mancala.BowlTest" name="testGetWinnerWhenGameNotEnded" time="0"/>
  <testcase classname="nl.sogyo.mancala.BowlTest" name="testGettingNeighbourAcross" time="0"/>
</testsuite>